app/build/intermediates/manifest_merge_blame_file/fdroidDebug/processFdroidDebugMainManifest/manifest-merger-blame-fdroid-debug-report.txt
1<?xml version="1.0" encoding="utf-8"?>
2<manifest xmlns:android="http://schemas.android.com/apk/res/android"
3    package="com.v2ray.ang.fdroid"
4    android:versionCode="5068300"
5    android:versionName="1.10.31" >
6
7    <uses-sdk
7-->src\main\AndroidManifest.xml:13:5-15:66
8        android:minSdkVersion="21"
8-->src\main\AndroidManifest.xml:14:9-35
9        android:targetSdkVersion="35" />
10
11    <supports-screens
11-->src\main\AndroidManifest.xml:6:5-11:40
12        android:anyDensity="true"
12-->src\main\AndroidManifest.xml:7:9-34
13        android:largeScreens="true"
13-->src\main\AndroidManifest.xml:8:9-36
14        android:normalScreens="true"
14-->src\main\AndroidManifest.xml:9:9-37
15        android:smallScreens="true"
15-->src\main\AndroidManifest.xml:10:9-36
16        android:xlargeScreens="true" />
16-->src\main\AndroidManifest.xml:11:9-37
17
18    <uses-feature
18-->src\main\AndroidManifest.xml:17:5-19:36
19        android:name="android.hardware.camera"
19-->src\main\AndroidManifest.xml:18:9-47
20        android:required="false" />
20-->src\main\AndroidManifest.xml:19:9-33
21    <uses-feature
21-->src\main\AndroidManifest.xml:20:5-22:36
22        android:name="android.hardware.camera.autofocus"
22-->src\main\AndroidManifest.xml:21:9-57
23        android:required="false" />
23-->src\main\AndroidManifest.xml:22:9-33
24    <uses-feature
24-->src\main\AndroidManifest.xml:23:5-25:36
25        android:name="android.software.leanback"
25-->src\main\AndroidManifest.xml:24:9-49
26        android:required="false" />
26-->src\main\AndroidManifest.xml:25:9-33
27    <uses-feature
27-->src\main\AndroidManifest.xml:26:5-28:36
28        android:name="android.hardware.touchscreen"
28-->src\main\AndroidManifest.xml:27:9-52
29        android:required="false" />
29-->src\main\AndroidManifest.xml:28:9-33
30
31    <!-- https://developer.android.com/about/versions/11/privacy/package-visibility -->
32    <uses-permission android:name="android.permission.QUERY_ALL_PACKAGES" />
32-->src\main\AndroidManifest.xml:31:5-33:53
32-->src\main\AndroidManifest.xml:32:9-61
33    <uses-permission android:name="android.permission.ACCESS_NETWORK_STATE" />
33-->src\main\AndroidManifest.xml:34:5-79
33-->src\main\AndroidManifest.xml:34:22-76
34    <uses-permission android:name="android.permission.CHANGE_NETWORK_STATE" />
34-->src\main\AndroidManifest.xml:35:5-79
34-->src\main\AndroidManifest.xml:35:22-76
35    <uses-permission android:name="android.permission.INTERNET" />
35-->src\main\AndroidManifest.xml:36:5-67
35-->src\main\AndroidManifest.xml:36:22-64
36    <uses-permission android:name="android.permission.READ_EXTERNAL_STORAGE" />
36-->src\main\AndroidManifest.xml:37:5-80
36-->src\main\AndroidManifest.xml:37:22-77
37    <uses-permission android:name="android.permission.CAMERA" />
37-->src\main\AndroidManifest.xml:38:5-65
37-->src\main\AndroidManifest.xml:38:22-62
38    <uses-permission android:name="android.permission.FOREGROUND_SERVICE" />
38-->src\main\AndroidManifest.xml:39:5-77
38-->src\main\AndroidManifest.xml:39:22-74
39    <uses-permission
39-->src\main\AndroidManifest.xml:40:5-42:38
40        android:name="android.permission.FOREGROUND_SERVICE_SPECIAL_USE"
40-->src\main\AndroidManifest.xml:41:9-73
41        android:minSdkVersion="34" />
41-->src\main\AndroidManifest.xml:42:9-35
42    <!-- <uses-permission android:name="android.permission.ACCESS_NETWORK_STATE" /> -->
43    <uses-permission android:name="android.permission.POST_NOTIFICATIONS" />
43-->src\main\AndroidManifest.xml:44:5-77
43-->src\main\AndroidManifest.xml:44:22-74
44    <uses-permission android:name="android.permission.READ_MEDIA_IMAGES" />
44-->src\main\AndroidManifest.xml:45:5-76
44-->src\main\AndroidManifest.xml:45:22-73
45    <uses-permission android:name="android.permission.RECEIVE_BOOT_COMPLETED" />
45-->src\main\AndroidManifest.xml:46:5-81
45-->src\main\AndroidManifest.xml:46:22-78
46    <uses-permission android:name="android.permission.WAKE_LOCK" />
46-->[androidx.work:work-runtime:2.10.5] AndroidManifest.xml:23:5-68
46-->[androidx.work:work-runtime:2.10.5] AndroidManifest.xml:23:22-65
47
48    <permission
48-->[androidx.core:core:1.16.0] AndroidManifest.xml:22:5-24:47
49        android:name="com.v2ray.ang.fdroid.DYNAMIC_RECEIVER_NOT_EXPORTED_PERMISSION"
49-->[androidx.core:core:1.16.0] AndroidManifest.xml:23:9-81
50        android:protectionLevel="signature" />
50-->[androidx.core:core:1.16.0] AndroidManifest.xml:24:9-44
51
52    <uses-permission android:name="com.v2ray.ang.fdroid.DYNAMIC_RECEIVER_NOT_EXPORTED_PERMISSION" />
52-->[androidx.core:core:1.16.0] AndroidManifest.xml:26:5-97
52-->[androidx.core:core:1.16.0] AndroidManifest.xml:26:22-94
53
54    <uses-feature
54-->[com.journeyapps:zxing-android-embedded:4.3.0] AndroidManifest.xml:28:5-30:36
55        android:name="android.hardware.camera.front"
55-->[com.journeyapps:zxing-android-embedded:4.3.0] AndroidManifest.xml:29:9-53
56        android:required="false" />
56-->[com.journeyapps:zxing-android-embedded:4.3.0] AndroidManifest.xml:30:9-33
57    <uses-feature
57-->[com.journeyapps:zxing-android-embedded:4.3.0] AndroidManifest.xml:36:5-38:36
58        android:name="android.hardware.camera.flash"
58-->[com.journeyapps:zxing-android-embedded:4.3.0] AndroidManifest.xml:37:9-53
59        android:required="false" />
59-->[com.journeyapps:zxing-android-embedded:4.3.0] AndroidManifest.xml:38:9-33
60    <uses-feature
60-->[com.journeyapps:zxing-android-embedded:4.3.0] AndroidManifest.xml:39:5-41:36
61        android:name="android.hardware.screen.landscape"
61-->[com.journeyapps:zxing-android-embedded:4.3.0] AndroidManifest.xml:40:9-57
62        android:required="false" />
62-->[com.journeyapps:zxing-android-embedded:4.3.0] AndroidManifest.xml:41:9-33
63    <uses-feature
63-->[com.journeyapps:zxing-android-embedded:4.3.0] AndroidManifest.xml:42:5-44:36
64        android:name="android.hardware.wifi"
64-->[com.journeyapps:zxing-android-embedded:4.3.0] AndroidManifest.xml:43:9-45
65        android:required="false" />
65-->[com.journeyapps:zxing-android-embedded:4.3.0] AndroidManifest.xml:44:9-33
66
67    <application
67-->src\main\AndroidManifest.xml:48:5-270:19
68        android:name="com.v2ray.ang.AngApplication"
68-->src\main\AndroidManifest.xml:49:9-39
69        android:allowBackup="true"
69-->src\main\AndroidManifest.xml:50:9-35
70        android:appComponentFactory="androidx.core.app.CoreComponentFactory"
70-->[androidx.core:core:1.16.0] AndroidManifest.xml:28:18-86
71        android:banner="@mipmap/ic_banner"
71-->src\main\AndroidManifest.xml:51:9-43
72        android:debuggable="true"
73        android:extractNativeLibs="true"
74        android:icon="@mipmap/ic_launcher"
74-->src\main\AndroidManifest.xml:52:9-43
75        android:label="@string/app_name"
75-->src\main\AndroidManifest.xml:53:9-41
76        android:networkSecurityConfig="@xml/network_security_config"
76-->src\main\AndroidManifest.xml:54:9-69
77        android:supportsRtl="true"
77-->src\main\AndroidManifest.xml:55:9-35
78        android:theme="@style/AppThemeDayNight"
78-->src\main\AndroidManifest.xml:56:9-48
79        android:usesCleartextTraffic="true" >
79-->src\main\AndroidManifest.xml:57:9-44
80        <activity
80-->src\main\AndroidManifest.xml:60:9-78:20
81            android:name="com.v2ray.ang.ui.MainActivity"
81-->src\main\AndroidManifest.xml:61:13-44
82            android:exported="true"
82-->src\main\AndroidManifest.xml:62:13-36
83            android:launchMode="singleTask"
83-->src\main\AndroidManifest.xml:63:13-44
84            android:theme="@style/AppThemeDayNight.NoActionBar" >
84-->src\main\AndroidManifest.xml:64:13-64
85            <intent-filter>
85-->src\main\AndroidManifest.xml:65:13-70:29
86                <action android:name="android.intent.action.MAIN" />
86-->src\main\AndroidManifest.xml:66:17-69
86-->src\main\AndroidManifest.xml:66:25-66
87
88                <category android:name="android.intent.category.LAUNCHER" />
88-->src\main\AndroidManifest.xml:68:17-77
88-->src\main\AndroidManifest.xml:68:27-74
89                <category android:name="android.intent.category.LEANBACK_LAUNCHER" />
89-->src\main\AndroidManifest.xml:69:17-86
89-->src\main\AndroidManifest.xml:69:27-83
90            </intent-filter>
91            <intent-filter>
91-->src\main\AndroidManifest.xml:71:13-73:29
92                <action android:name="android.service.quicksettings.action.QS_TILE_PREFERENCES" />
92-->src\main\AndroidManifest.xml:72:17-99
92-->src\main\AndroidManifest.xml:72:25-96
93            </intent-filter>
94
95            <meta-data
95-->src\main\AndroidManifest.xml:75:13-77:53
96                android:name="android.app.shortcuts"
96-->src\main\AndroidManifest.xml:76:17-53
97                android:resource="@xml/shortcuts" />
97-->src\main\AndroidManifest.xml:77:17-50
98        </activity>
99        <activity
99-->src\main\AndroidManifest.xml:79:9-82:60
100            android:name="com.v2ray.ang.ui.ServerActivity"
100-->src\main\AndroidManifest.xml:80:13-46
101            android:exported="false"
101-->src\main\AndroidManifest.xml:81:13-37
102            android:windowSoftInputMode="stateUnchanged" />
102-->src\main\AndroidManifest.xml:82:13-57
103        <activity
103-->src\main\AndroidManifest.xml:83:9-86:60
104            android:name="com.v2ray.ang.ui.ServerCustomConfigActivity"
104-->src\main\AndroidManifest.xml:84:13-58
105            android:exported="false"
105-->src\main\AndroidManifest.xml:85:13-37
106            android:windowSoftInputMode="stateUnchanged" />
106-->src\main\AndroidManifest.xml:86:13-57
107        <activity
107-->src\main\AndroidManifest.xml:87:9-89:40
108            android:name="com.v2ray.ang.ui.SettingsActivity"
108-->src\main\AndroidManifest.xml:88:13-48
109            android:exported="false" />
109-->src\main\AndroidManifest.xml:89:13-37
110        <activity
110-->src\main\AndroidManifest.xml:90:9-92:40
111            android:name="com.v2ray.ang.ui.PerAppProxyActivity"
111-->src\main\AndroidManifest.xml:91:13-51
112            android:exported="false" />
112-->src\main\AndroidManifest.xml:92:13-37
113        <activity
113-->src\main\AndroidManifest.xml:93:9-95:40
114            android:name="com.v2ray.ang.ui.ScannerActivity"
114-->src\main\AndroidManifest.xml:94:13-47
115            android:exported="false" />
115-->src\main\AndroidManifest.xml:95:13-37
116        <activity
116-->src\main\AndroidManifest.xml:96:9-98:40
117            android:name="com.v2ray.ang.ui.LogcatActivity"
117-->src\main\AndroidManifest.xml:97:13-46
118            android:exported="false" />
118-->src\main\AndroidManifest.xml:98:13-37
119        <activity
119-->src\main\AndroidManifest.xml:99:9-101:40
120            android:name="com.v2ray.ang.ui.RoutingSettingActivity"
120-->src\main\AndroidManifest.xml:100:13-54
121            android:exported="false" />
121-->src\main\AndroidManifest.xml:101:13-37
122        <activity
122-->src\main\AndroidManifest.xml:102:9-104:40
123            android:name="com.v2ray.ang.ui.RoutingEditActivity"
123-->src\main\AndroidManifest.xml:103:13-51
124            android:exported="false" />
124-->src\main\AndroidManifest.xml:104:13-37
125        <activity
125-->src\main\AndroidManifest.xml:105:9-107:40
126            android:name="com.v2ray.ang.ui.SubSettingActivity"
126-->src\main\AndroidManifest.xml:106:13-50
127            android:exported="false" />
127-->src\main\AndroidManifest.xml:107:13-37
128        <activity
128-->src\main\AndroidManifest.xml:108:9-110:40
129            android:name="com.v2ray.ang.ui.UserAssetActivity"
129-->src\main\AndroidManifest.xml:109:13-49
130            android:exported="false" />
130-->src\main\AndroidManifest.xml:110:13-37
131        <activity
131-->src\main\AndroidManifest.xml:111:9-113:40
132            android:name="com.v2ray.ang.ui.UserAssetUrlActivity"
132-->src\main\AndroidManifest.xml:112:13-52
133            android:exported="false" />
133-->src\main\AndroidManifest.xml:113:13-37
134        <activity
134-->src\main\AndroidManifest.xml:115:9-117:40
135            android:name="com.v2ray.ang.ui.SubEditActivity"
135-->src\main\AndroidManifest.xml:116:13-47
136            android:exported="false" />
136-->src\main\AndroidManifest.xml:117:13-37
137        <activity
137-->src\main\AndroidManifest.xml:118:9-120:40
138            android:name="com.v2ray.ang.ui.ScScannerActivity"
138-->src\main\AndroidManifest.xml:119:13-49
139            android:exported="false" />
139-->src\main\AndroidManifest.xml:120:13-37
140        <activity
140-->src\main\AndroidManifest.xml:121:9-126:71
141            android:name="com.v2ray.ang.ui.ScSwitchActivity"
141-->src\main\AndroidManifest.xml:122:13-48
142            android:excludeFromRecents="true"
142-->src\main\AndroidManifest.xml:123:13-46
143            android:exported="false"
143-->src\main\AndroidManifest.xml:124:13-37
144            android:process=":RunSoLibV2RayDaemon"
144-->src\main\AndroidManifest.xml:125:13-51
145            android:theme="@style/AppTheme.NoActionBar.Translucent" />
145-->src\main\AndroidManifest.xml:126:13-68
146        <activity
146-->src\main\AndroidManifest.xml:128:9-146:20
147            android:name="com.v2ray.ang.ui.UrlSchemeActivity"
147-->src\main\AndroidManifest.xml:129:13-49
148            android:exported="true" >
148-->src\main\AndroidManifest.xml:130:13-36
149            <intent-filter>
149-->src\main\AndroidManifest.xml:131:13-135:29
150                <action android:name="android.intent.action.SEND" />
150-->src\main\AndroidManifest.xml:132:17-69
150-->src\main\AndroidManifest.xml:132:25-66
151
152                <category android:name="android.intent.category.DEFAULT" />
152-->src\main\AndroidManifest.xml:133:17-76
152-->src\main\AndroidManifest.xml:133:27-73
153
154                <data android:mimeType="text/plain" />
154-->src\main\AndroidManifest.xml:134:17-55
154-->src\main\AndroidManifest.xml:134:23-52
155            </intent-filter>
156            <intent-filter>
156-->src\main\AndroidManifest.xml:136:13-145:29
157                <action android:name="android.intent.action.VIEW" />
157-->src\main\AndroidManifest.xml:137:17-69
157-->src\main\AndroidManifest.xml:137:25-66
158
159                <category android:name="android.intent.category.BROWSABLE" />
159-->src\main\AndroidManifest.xml:139:17-78
159-->src\main\AndroidManifest.xml:139:27-75
160                <category android:name="android.intent.category.DEFAULT" />
160-->src\main\AndroidManifest.xml:133:17-76
160-->src\main\AndroidManifest.xml:133:27-73
161
162                <data android:scheme="v2rayng" />
162-->src\main\AndroidManifest.xml:134:17-55
162-->src\main\AndroidManifest.xml:142:23-47
163                <data android:host="install-config" />
163-->src\main\AndroidManifest.xml:134:17-55
163-->src\main\AndroidManifest.xml:143:23-52
164                <data android:host="install-sub" />
164-->src\main\AndroidManifest.xml:134:17-55
164-->src\main\AndroidManifest.xml:143:23-52
165            </intent-filter>
166        </activity>
167        <activity
167-->src\main\AndroidManifest.xml:147:9-149:40
168            android:name="com.v2ray.ang.ui.CheckUpdateActivity"
168-->src\main\AndroidManifest.xml:148:13-51
169            android:exported="false" />
169-->src\main\AndroidManifest.xml:149:13-37
170        <activity
170-->src\main\AndroidManifest.xml:150:9-152:40
171            android:name="com.v2ray.ang.ui.AboutActivity"
171-->src\main\AndroidManifest.xml:151:13-45
172            android:exported="false" />
172-->src\main\AndroidManifest.xml:152:13-37
173
174        <service
174-->src\main\AndroidManifest.xml:154:9-171:19
175            android:name="com.v2ray.ang.service.V2RayVpnService"
175-->src\main\AndroidManifest.xml:155:13-52
176            android:enabled="true"
176-->src\main\AndroidManifest.xml:156:13-35
177            android:exported="false"
177-->src\main\AndroidManifest.xml:157:13-37
178            android:foregroundServiceType="specialUse"
178-->src\main\AndroidManifest.xml:158:13-55
179            android:label="@string/app_name"
179-->src\main\AndroidManifest.xml:159:13-45
180            android:permission="android.permission.BIND_VPN_SERVICE"
180-->src\main\AndroidManifest.xml:160:13-69
181            android:process=":RunSoLibV2RayDaemon" >
181-->src\main\AndroidManifest.xml:161:13-51
182            <intent-filter>
182-->src\main\AndroidManifest.xml:162:13-164:29
183                <action android:name="android.net.VpnService" />
183-->src\main\AndroidManifest.xml:163:17-65
183-->src\main\AndroidManifest.xml:163:25-62
184            </intent-filter>
185
186            <meta-data
186-->src\main\AndroidManifest.xml:165:13-167:40
187                android:name="android.net.VpnService.SUPPORTS_ALWAYS_ON"
187-->src\main\AndroidManifest.xml:166:17-73
188                android:value="true" />
188-->src\main\AndroidManifest.xml:167:17-37
189
190            <property
190-->src\main\AndroidManifest.xml:168:13-170:39
191                android:name="android.app.PROPERTY_SPECIAL_USE_FGS_SUBTYPE"
191-->src\main\AndroidManifest.xml:169:17-76
192                android:value="vpn" />
192-->src\main\AndroidManifest.xml:170:17-36
193        </service>
194        <service
194-->src\main\AndroidManifest.xml:173:9-182:19
195            android:name="com.v2ray.ang.service.V2RayProxyOnlyService"
195-->src\main\AndroidManifest.xml:174:13-58
196            android:exported="false"
196-->src\main\AndroidManifest.xml:175:13-37
197            android:foregroundServiceType="specialUse"
197-->src\main\AndroidManifest.xml:176:13-55
198            android:label="@string/app_name"
198-->src\main\AndroidManifest.xml:177:13-45
199            android:process=":RunSoLibV2RayDaemon" >
199-->src\main\AndroidManifest.xml:178:13-51
200            <property
200-->src\main\AndroidManifest.xml:168:13-170:39
201                android:name="android.app.PROPERTY_SPECIAL_USE_FGS_SUBTYPE"
201-->src\main\AndroidManifest.xml:169:17-76
202                android:value="proxy" />
202-->src\main\AndroidManifest.xml:170:17-36
203        </service>
204        <service
204-->src\main\AndroidManifest.xml:184:9-187:54
205            android:name="com.v2ray.ang.service.V2RayTestService"
205-->src\main\AndroidManifest.xml:185:13-53
206            android:exported="false"
206-->src\main\AndroidManifest.xml:186:13-37
207            android:process=":RunSoLibV2RayDaemon" />
207-->src\main\AndroidManifest.xml:187:13-51
208
209        <receiver
209-->src\main\AndroidManifest.xml:189:9-201:20
210            android:name="com.v2ray.ang.receiver.WidgetProvider"
210-->src\main\AndroidManifest.xml:190:13-52
211            android:exported="true"
211-->src\main\AndroidManifest.xml:191:13-36
212            android:process=":RunSoLibV2RayDaemon" >
212-->src\main\AndroidManifest.xml:192:13-51
213            <meta-data
213-->src\main\AndroidManifest.xml:193:13-195:63
214                android:name="android.appwidget.provider"
214-->src\main\AndroidManifest.xml:194:17-58
215                android:resource="@xml/app_widget_provider" />
215-->src\main\AndroidManifest.xml:195:17-60
216
217            <intent-filter>
217-->src\main\AndroidManifest.xml:196:13-200:29
218                <action android:name="android.appwidget.action.APPWIDGET_UPDATE" />
218-->src\main\AndroidManifest.xml:197:17-84
218-->src\main\AndroidManifest.xml:197:25-81
219                <action android:name="com.v2ray.ang.fdroid.action.widget.click" />
219-->src\main\AndroidManifest.xml:198:25-76
220                <action android:name="com.v2ray.ang.fdroid.action.activity" />
220-->src\main\AndroidManifest.xml:199:25-72
221            </intent-filter>
222        </receiver>
223        <receiver
223-->src\main\AndroidManifest.xml:202:9-209:20
224            android:name="com.v2ray.ang.receiver.BootReceiver"
224-->src\main\AndroidManifest.xml:203:13-50
225            android:exported="true"
225-->src\main\AndroidManifest.xml:204:13-36
226            android:label="BootReceiver" >
226-->src\main\AndroidManifest.xml:205:13-41
227            <intent-filter>
227-->src\main\AndroidManifest.xml:206:13-208:29
228                <action android:name="android.intent.action.BOOT_COMPLETED" />
228-->src\main\AndroidManifest.xml:207:17-79
228-->src\main\AndroidManifest.xml:207:25-76
229            </intent-filter>
230        </receiver>
231
232        <service
232-->src\main\AndroidManifest.xml:211:9-226:19
233            android:name="com.v2ray.ang.service.QSTileService"
233-->src\main\AndroidManifest.xml:212:13-50
234            android:exported="true"
234-->src\main\AndroidManifest.xml:213:13-36
235            android:foregroundServiceType="specialUse"
235-->src\main\AndroidManifest.xml:214:13-55
236            android:icon="@drawable/ic_stat_name"
236-->src\main\AndroidManifest.xml:215:13-50
237            android:label="@string/app_tile_name"
237-->src\main\AndroidManifest.xml:216:13-50
238            android:permission="android.permission.BIND_QUICK_SETTINGS_TILE"
238-->src\main\AndroidManifest.xml:217:13-77
239            android:process=":RunSoLibV2RayDaemon" >
239-->src\main\AndroidManifest.xml:218:13-51
240            <intent-filter>
240-->src\main\AndroidManifest.xml:220:13-222:29
241                <action android:name="android.service.quicksettings.action.QS_TILE" />
241-->src\main\AndroidManifest.xml:221:17-87
241-->src\main\AndroidManifest.xml:221:25-84
242            </intent-filter>
243
244            <property
244-->src\main\AndroidManifest.xml:168:13-170:39
245                android:name="android.app.PROPERTY_SPECIAL_USE_FGS_SUBTYPE"
245-->src\main\AndroidManifest.xml:169:17-76
246                android:value="tile" />
246-->src\main\AndroidManifest.xml:170:17-36
247        </service>
248        <!-- =====================Tasker===================== -->
249        <activity
249-->src\main\AndroidManifest.xml:228:9-235:20
250            android:name="com.v2ray.ang.ui.TaskerActivity"
250-->src\main\AndroidManifest.xml:229:13-46
251            android:exported="true"
251-->src\main\AndroidManifest.xml:230:13-36
252            android:icon="@mipmap/ic_launcher" >
252-->src\main\AndroidManifest.xml:231:13-47
253            <intent-filter>
253-->src\main\AndroidManifest.xml:232:13-234:29
254                <action android:name="com.twofortyfouram.locale.intent.action.EDIT_SETTING" />
254-->src\main\AndroidManifest.xml:233:17-95
254-->src\main\AndroidManifest.xml:233:25-92
255            </intent-filter>
256        </activity>
257
258        <receiver
258-->src\main\AndroidManifest.xml:237:9-245:20
259            android:name="com.v2ray.ang.receiver.TaskerReceiver"
259-->src\main\AndroidManifest.xml:238:13-52
260            android:exported="true"
260-->src\main\AndroidManifest.xml:239:13-36
261            android:process=":RunSoLibV2RayDaemon" >
261-->src\main\AndroidManifest.xml:240:13-51
262            <intent-filter>
262-->src\main\AndroidManifest.xml:242:13-244:29
263                <action android:name="com.twofortyfouram.locale.intent.action.FIRE_SETTING" />
263-->src\main\AndroidManifest.xml:243:17-95
263-->src\main\AndroidManifest.xml:243:25-92
264            </intent-filter>
265        </receiver>
266        <!-- =====================Tasker===================== -->
267        <provider
268            android:name="androidx.startup.InitializationProvider"
268-->src\main\AndroidManifest.xml:248:13-67
269            android:authorities="com.v2ray.ang.fdroid.androidx-startup"
269-->src\main\AndroidManifest.xml:249:13-68
270            android:exported="false" >
270-->src\main\AndroidManifest.xml:250:13-37
271            <meta-data
271-->[androidx.emoji2:emoji2:1.3.0] AndroidManifest.xml:29:13-31:52
272                android:name="androidx.emoji2.text.EmojiCompatInitializer"
272-->[androidx.emoji2:emoji2:1.3.0] AndroidManifest.xml:30:17-75
273                android:value="androidx.startup" />
273-->[androidx.emoji2:emoji2:1.3.0] AndroidManifest.xml:31:17-49
274            <meta-data
274-->[androidx.lifecycle:lifecycle-process:2.9.4] AndroidManifest.xml:29:13-31:52
275                android:name="androidx.lifecycle.ProcessLifecycleInitializer"
275-->[androidx.lifecycle:lifecycle-process:2.9.4] AndroidManifest.xml:30:17-78
276                android:value="androidx.startup" />
276-->[androidx.lifecycle:lifecycle-process:2.9.4] AndroidManifest.xml:31:17-49
277            <meta-data
277-->[androidx.profileinstaller:profileinstaller:1.4.1] AndroidManifest.xml:29:13-31:52
278                android:name="androidx.profileinstaller.ProfileInstallerInitializer"
278-->[androidx.profileinstaller:profileinstaller:1.4.1] AndroidManifest.xml:30:17-85
279                android:value="androidx.startup" />
279-->[androidx.profileinstaller:profileinstaller:1.4.1] AndroidManifest.xml:31:17-49
280        </provider>
281        <provider
282            android:name="androidx.core.content.FileProvider"
282-->src\main\AndroidManifest.xml:261:13-62
283            android:authorities="com.v2ray.ang.fdroid.cache"
283-->src\main\AndroidManifest.xml:262:13-57
284            android:exported="false"
284-->src\main\AndroidManifest.xml:263:13-37
285            android:grantUriPermissions="true" >
285-->src\main\AndroidManifest.xml:264:13-47
286            <meta-data
286-->src\main\AndroidManifest.xml:265:13-267:55
287                android:name="android.support.FILE_PROVIDER_PATHS"
287-->src\main\AndroidManifest.xml:266:17-67
288                android:resource="@xml/cache_paths" />
288-->src\main\AndroidManifest.xml:267:17-52
289        </provider>
290
291        <activity
291-->[com.github.T8RIN.QuickieExtended:quickie-foss:1.14.0] AndroidManifest.xml:15:9-19:45
292            android:name="io.github.g00fy2.quickie.QRScannerActivity"
292-->[com.github.T8RIN.QuickieExtended:quickie-foss:1.14.0] AndroidManifest.xml:16:13-70
293            android:screenOrientation="behind"
293-->[com.github.T8RIN.QuickieExtended:quickie-foss:1.14.0] AndroidManifest.xml:17:13-47
294            android:theme="@style/QuickieScannerActivity" />
294-->[com.github.T8RIN.QuickieExtended:quickie-foss:1.14.0] AndroidManifest.xml:18:13-58
295        <!--
296        Service for holding metadata. Cannot be instantiated.
297        Metadata will be merged from other manifests.
298        -->
299        <service
299-->[androidx.camera:camera-core:1.4.1] AndroidManifest.xml:29:9-33:78
300            android:name="androidx.camera.core.impl.MetadataHolderService"
300-->[androidx.camera:camera-core:1.4.1] AndroidManifest.xml:30:13-75
301            android:enabled="false"
301-->[androidx.camera:camera-core:1.4.1] AndroidManifest.xml:31:13-36
302            android:exported="false" >
302-->[androidx.camera:camera-core:1.4.1] AndroidManifest.xml:32:13-37
303            <meta-data
303-->[androidx.camera:camera-camera2:1.4.1] AndroidManifest.xml:30:13-32:89
304                android:name="androidx.camera.core.impl.MetadataHolderService.DEFAULT_CONFIG_PROVIDER"
304-->[androidx.camera:camera-camera2:1.4.1] AndroidManifest.xml:31:17-103
305                android:value="androidx.camera.camera2.Camera2Config$DefaultProvider" />
305-->[androidx.camera:camera-camera2:1.4.1] AndroidManifest.xml:32:17-86
306        </service>
307        <service
307-->[androidx.work:work-multiprocess:2.10.5] AndroidManifest.xml:24:9-27:63
308            android:name="androidx.work.multiprocess.RemoteWorkManagerService"
308-->[androidx.work:work-multiprocess:2.10.5] AndroidManifest.xml:25:13-79
309            android:exported="false" />
309-->[androidx.work:work-multiprocess:2.10.5] AndroidManifest.xml:26:13-37
310        <service
310-->[androidx.work:work-runtime:2.10.5] AndroidManifest.xml:39:9-45:35
311            android:name="androidx.work.impl.background.systemalarm.SystemAlarmService"
311-->[androidx.work:work-runtime:2.10.5] AndroidManifest.xml:40:13-88
312            android:directBootAware="false"
312-->[androidx.work:work-runtime:2.10.5] AndroidManifest.xml:41:13-44
313            android:enabled="@bool/enable_system_alarm_service_default"
313-->[androidx.work:work-runtime:2.10.5] AndroidManifest.xml:42:13-72
314            android:exported="false" />
314-->[androidx.work:work-runtime:2.10.5] AndroidManifest.xml:43:13-37
315        <service
315-->[androidx.work:work-runtime:2.10.5] AndroidManifest.xml:46:9-52:35
316            android:name="androidx.work.impl.background.systemjob.SystemJobService"
316-->[androidx.work:work-runtime:2.10.5] AndroidManifest.xml:47:13-84
317            android:directBootAware="false"
317-->[androidx.work:work-runtime:2.10.5] AndroidManifest.xml:48:13-44
318            android:enabled="@bool/enable_system_job_service_default"
318-->[androidx.work:work-runtime:2.10.5] AndroidManifest.xml:49:13-70
319            android:exported="true"
319-->[androidx.work:work-runtime:2.10.5] AndroidManifest.xml:50:13-36
320            android:permission="android.permission.BIND_JOB_SERVICE" />
320-->[androidx.work:work-runtime:2.10.5] AndroidManifest.xml:51:13-69
321        <service
321-->[androidx.work:work-runtime:2.10.5] AndroidManifest.xml:53:9-59:35
322            android:name="androidx.work.impl.foreground.SystemForegroundService"
322-->[androidx.work:work-runtime:2.10.5] AndroidManifest.xml:54:13-81
323            android:directBootAware="false"
323-->[androidx.work:work-runtime:2.10.5] AndroidManifest.xml:55:13-44
324            android:enabled="@bool/enable_system_foreground_service_default"
324-->[androidx.work:work-runtime:2.10.5] AndroidManifest.xml:56:13-77
325            android:exported="false" />
325-->[androidx.work:work-runtime:2.10.5] AndroidManifest.xml:57:13-37
326
327        <receiver
327-->[androidx.work:work-runtime:2.10.5] AndroidManifest.xml:61:9-66:35
328            android:name="androidx.work.impl.utils.ForceStopRunnable$BroadcastReceiver"
328-->[androidx.work:work-runtime:2.10.5] AndroidManifest.xml:62:13-88
329            android:directBootAware="false"